[debug] ----------------------------------------------------------------------
[debug] Command:      /usr/local/bin/node /usr/local/bin/firebase database:update /v0/players/-KhWWEFcI2zZ_5JuY-7s { normalizedDisplayName: jxom }
[debug] CLI Version:  3.6.0
[debug] Platform:     darwin
[debug] Node Version: v7.8.0
[debug] Time:         Wed Apr 12 2017 19:39:36 GMT+1000 (AEST)
[debug] ----------------------------------------------------------------------
[debug] 
[debug] > command requires scopes: ["email","openid","https://www.googleapis.com/auth/cloudplatformprojects.readonly","https://www.googleapis.com/auth/firebase"]
[debug] > refreshing access token with scopes: ["email","https://www.googleapis.com/auth/cloudplatformprojects.readonly","https://www.googleapis.com/auth/firebase","openid"]
[debug] >>> HTTP REQUEST POST https://www.googleapis.com/oauth2/v3/token { refresh_token: '1/IQa-paCM4Au5lAQWjQI3_6RNs7duAIo0aCsTe7zKPDs',
  client_id: '563584335869-fgrhgmd47bqnekij5i8b5pr03ho849e6.apps.googleusercontent.com',
  client_secret: 'j9iVZfS8kkCEFUPaAeJV0sAi',
  grant_type: 'refresh_token',
  scope: 'email https://www.googleapis.com/auth/cloudplatformprojects.readonly https://www.googleapis.com/auth/firebase openid' } 
 Wed Apr 12 2017 19:39:36 GMT+1000 (AEST)
[debug] <<< HTTP RESPONSE 200
[debug] >>> HTTP REQUEST GET https://admin.firebase.com/v1/projects/duelour  
 Wed Apr 12 2017 19:39:37 GMT+1000 (AEST)
[debug] <<< HTTP RESPONSE 200
[debug] >>> HTTP REQUEST GET https://admin.firebase.com/v1/database/duelour/tokens  
 Wed Apr 12 2017 19:39:38 GMT+1000 (AEST)
[debug] <<< HTTP RESPONSE 200
[debug] Error: ENOENT: no such file or directory, open '{ normalizedDisplayName: jxom }'
[error] 
[error] Error: An unexpected error has occurred.
